<?xml version="1.0" encoding="UTF-8"?>
<!-- Generated by org.testng.reporters.JUnitReportReporter -->
<testsuite hostname="DESKTOP-P3JH12J" failures="0" tests="3" name="TeastNG.Demo" time="0.002" errors="0" timestamp="2024-12-02T10:25:00 IST" skipped="0">
  <testcase classname="TeastNG.Demo" name="demoA" time="0.001"/>
  <system-out>
    <![CDATA[hello world]]>
  </system-out>
  <testcase classname="TeastNG.Demo" name="demoB" time="0.001"/>
  <system-out>
    <![CDATA[welcome to qspider]]>
  </system-out>
  <testcase classname="TeastNG.Demo" name="demoC" time="0.000"/>
  <system-out>
    <![CDATA[stone welcome to RCB]]>
  </system-out>
</testsuite> <!-- TeastNG.Demo -->
