<?xml version="1.0" encoding="UTF-8"?>
<!-- Generated by org.testng.reporters.JUnitReportReporter -->
<testsuite hostname="DESKTOP-P3JH12J" failures="0" tests="3" name="Annotations.UserModule" time="3.884" errors="0" timestamp="2024-12-02T11:49:15 IST" skipped="0">
  <testcase classname="Annotations.UserModule" name="ModifyUser" time="1.213"/>
  <system-out>
    <![CDATA[modify]]>
  </system-out>
  <testcase classname="Annotations.UserModule" name="CreateUser" time="1.195"/>
  <system-out>
    <![CDATA[create]]>
  </system-out>
  <testcase classname="Annotations.UserModule" name="DeleteUser" time="1.476"/>
  <system-out>
    <![CDATA[delete]]>
  </system-out>
</testsuite> <!-- Annotations.UserModule -->
