<?xml version="1.0" encoding="UTF-8"?>
<!-- Generated by org.testng.reporters.JUnitReportReporter -->
<testsuite hostname="DESKTOP-P3JH12J" failures="0" tests="4" name="Annotations.CustomerModule" time="0.015" errors="0" timestamp="2024-12-02T11:24:06 IST" skipped="0">
  <testcase classname="Annotations.CustomerModule" name="CreateCustimer" time="0.008"/>
  <system-out>
    <![CDATA[CreateCustomer]]>
  </system-out>
  <testcase classname="Annotations.CustomerModule" name="CreateCustimer" time="0.003"/>
  <system-out>
    <![CDATA[CreateCustomer]]>
  </system-out>
  <testcase classname="Annotations.CustomerModule" name="modifyCustomer" time="0.003"/>
  <system-out>
    <![CDATA[modify]]>
  </system-out>
  <testcase classname="Annotations.CustomerModule" name="DeleteCustomer" time="0.001"/>
  <system-out>
    <![CDATA[DeleteCustomer]]>
  </system-out>
</testsuite> <!-- Annotations.CustomerModule -->
