<?xml version="1.0" encoding="UTF-8"?>
<!-- Generated by org.testng.reporters.JUnitReportReporter -->
<testsuite hostname="DESKTOP-P3JH12J" failures="0" tests="3" name="TeastNG.practise" time="0.015" errors="0" timestamp="2024-12-02T10:30:27 IST" skipped="0">
  <testcase classname="TeastNG.practise" name="createCustomer" time="0.001"/>
  <system-out>
    <![CDATA[create customer]]>
  </system-out>
  <testcase classname="TeastNG.practise" name="createCustomer" time="0.012"/>
  <system-out>
    <![CDATA[create customer]]>
  </system-out>
  <testcase classname="TeastNG.practise" name="modifycustomer" time="0.002"/>
  <system-out>
    <![CDATA[modify customer]]>
  </system-out>
</testsuite> <!-- TeastNG.practise -->
