<?xml version="1.0" encoding="UTF-8"?>
<!-- Generated by org.testng.reporters.JUnitReportReporter -->
<testsuite hostname="DESKTOP-P3JH12J" failures="0" tests="1" name="TeastNG.Screenshot" time="7.424" errors="0" timestamp="2024-12-03T11:36:02 IST" skipped="0">
  <testcase classname="TeastNG.Screenshot" name="demo" time="7.424"/>
  <system-out/>
</testsuite> <!-- TeastNG.Screenshot -->
